2020-04-30 17:56:42 [INFO][org.springframework.boot.StartupInfoLogger:50] - Starting InitiApplication on xdq with PID 24409 (/home/xdq/xinPrj/java/javaWebTest/base-framework/target/classes started by xdq in /home/xdq/xinPrj/java/javaWebTest/base-framework)
2020-04-30 17:56:42 [INFO][org.springframework.boot.SpringApplication:666] - The following profiles are active: dev
2020-04-30 17:56:42 [INFO][org.springframework.context.support.AbstractApplicationContext:590] - Refreshing org.springframework.boot.web.servlet.context.AnnotationConfigServletWebServerApplicationContext@20894705: startup date [Thu Apr 30 17:56:42 CST 2020]; root of context hierarchy
2020-04-30 17:56:43 [INFO][org.springframework.context.support.AbstractApplicationContext:993] - Closing org.springframework.boot.web.servlet.context.AnnotationConfigServletWebServerApplicationContext@20894705: startup date [Thu Apr 30 17:56:42 CST 2020]; root of context hierarchy
2020-04-30 17:57:45 [INFO][org.springframework.boot.StartupInfoLogger:50] - Starting InitiApplication on xdq with PID 25069 (/home/xdq/xinPrj/java/javaWebTest/base-framework/target/classes started by xdq in /home/xdq/xinPrj/java/javaWebTest/base-framework)
2020-04-30 17:57:45 [INFO][org.springframework.boot.SpringApplication:666] - The following profiles are active: dev
2020-04-30 17:57:45 [INFO][org.springframework.context.support.AbstractApplicationContext:590] - Refreshing org.springframework.boot.web.servlet.context.AnnotationConfigServletWebServerApplicationContext@20894705: startup date [Thu Apr 30 17:57:45 CST 2020]; root of context hierarchy
2020-04-30 17:57:45 [INFO][org.springframework.context.support.AbstractApplicationContext:993] - Closing org.springframework.boot.web.servlet.context.AnnotationConfigServletWebServerApplicationContext@20894705: startup date [Thu Apr 30 17:57:45 CST 2020]; root of context hierarchy
2020-04-30 17:58:17 [INFO][org.springframework.boot.StartupInfoLogger:50] - Starting InitiApplication on xdq with PID 25419 (/home/xdq/xinPrj/java/javaWebTest/base-framework/target/classes started by xdq in /home/xdq/xinPrj/java/javaWebTest/base-framework)
2020-04-30 17:58:17 [INFO][org.springframework.boot.SpringApplication:666] - The following profiles are active: dev
2020-04-30 17:58:17 [INFO][org.springframework.context.support.AbstractApplicationContext:590] - Refreshing org.springframework.boot.web.servlet.context.AnnotationConfigServletWebServerApplicationContext@75ca36ec: startup date [Thu Apr 30 17:58:17 CST 2020]; root of context hierarchy
2020-04-30 17:58:17 [INFO][org.springframework.beans.factory.support.DefaultListableBeanFactory:821] - Overriding bean definition for bean 'websocketContainerCustomizer' with a different definition: replacing [Root bean: class [null]; scope=; abstract=false; lazyInit=false; autowireMode=3; dependencyCheck=0; autowireCandidate=true; primary=false; factoryBeanName=org.springframework.boot.autoconfigure.websocket.servlet.WebSocketServletAutoConfiguration$UndertowWebSocketConfiguration; factoryMethodName=websocketContainerCustomizer; initMethodName=null; destroyMethodName=(inferred); defined in class path resource [org/springframework/boot/autoconfigure/websocket/servlet/WebSocketServletAutoConfiguration$UndertowWebSocketConfiguration.class]] with [Root bean: class [null]; scope=; abstract=false; lazyInit=false; autowireMode=3; dependencyCheck=0; autowireCandidate=true; primary=false; factoryBeanName=org.springframework.boot.autoconfigure.websocket.servlet.WebSocketServletAutoConfiguration$TomcatWebSocketConfiguration; factoryMethodName=websocketContainerCustomizer; initMethodName=null; destroyMethodName=(inferred); defined in class path resource [org/springframework/boot/autoconfigure/websocket/servlet/WebSocketServletAutoConfiguration$TomcatWebSocketConfiguration.class]]
2020-04-30 17:58:18 [INFO][org.springframework.context.support.PostProcessorRegistrationDelegate$BeanPostProcessorChecker:326] - Bean 'org.springframework.transaction.annotation.ProxyTransactionManagementConfiguration' of type [org.springframework.transaction.annotation.ProxyTransactionManagementConfiguration$$EnhancerBySpringCGLIB$$d5562b2b] is not eligible for getting processed by all BeanPostProcessors (for example: not eligible for auto-proxying)
2020-04-30 17:58:18 [INFO][org.springframework.boot.web.embedded.tomcat.TomcatWebServer:91] - Tomcat initialized with port(s): 8090 (http)
2020-04-30 17:58:19 [INFO][org.apache.juli.logging.DirectJDKLog:180] - Initializing ProtocolHandler ["http-nio-8090"]
2020-04-30 17:58:19 [INFO][org.apache.juli.logging.DirectJDKLog:180] - Starting service [Tomcat]
2020-04-30 17:58:19 [INFO][org.apache.juli.logging.DirectJDKLog:180] - Starting Servlet Engine: Apache Tomcat/8.5.32
2020-04-30 17:58:19 [INFO][org.apache.juli.logging.DirectJDKLog:180] - The APR based Apache Tomcat Native library which allows optimal performance in production environments was not found on the java.library.path: [/home/xdq/xinPrj/hadoop/hadoop-3.0.2/lib/native:/usr/local/gurobi811/linux64/lib:/usr/java/packages/lib/amd64:/usr/lib64:/lib64:/lib:/usr/lib]
2020-04-30 17:58:19 [INFO][org.apache.juli.logging.DirectJDKLog:180] - Initializing Spring embedded WebApplicationContext
2020-04-30 17:58:19 [INFO][org.springframework.boot.web.servlet.context.ServletWebServerApplicationContext:285] - Root WebApplicationContext: initialization completed in 1677 ms
2020-04-30 17:58:19 [INFO][org.springframework.boot.web.servlet.ServletRegistrationBean:187] - Servlet dispatcherServlet mapped to [/]
2020-04-30 17:58:19 [INFO][org.springframework.boot.web.servlet.AbstractFilterRegistrationBean:245] - Mapping filter: 'characterEncodingFilter' to: [/*]
2020-04-30 17:58:19 [INFO][org.springframework.boot.web.servlet.AbstractFilterRegistrationBean:245] - Mapping filter: 'hiddenHttpMethodFilter' to: [/*]
2020-04-30 17:58:19 [INFO][org.springframework.boot.web.servlet.AbstractFilterRegistrationBean:245] - Mapping filter: 'httpPutFormContentFilter' to: [/*]
2020-04-30 17:58:19 [INFO][org.springframework.boot.web.servlet.AbstractFilterRegistrationBean:245] - Mapping filter: 'requestContextFilter' to: [/*]
2020-04-30 17:58:19 [INFO][org.springframework.web.servlet.handler.AbstractHandlerMethodMapping$MappingRegistry:547] - Mapped "{[/proxy-test],methods=[GET]}" onto public java.util.Map com.company.web.controller.ExchangeData.proxyTest()
2020-04-30 17:58:19 [INFO][org.springframework.web.servlet.handler.AbstractHandlerMethodMapping$MappingRegistry:547] - Mapped "{[/add/exchange],methods=[POST]}" onto public java.util.Map com.company.web.controller.ExchangeData.dataExchange(java.util.Map,javax.servlet.http.HttpServletRequest)
2020-04-30 17:58:19 [INFO][org.springframework.web.servlet.handler.AbstractHandlerMethodMapping$MappingRegistry:547] - Mapped "{[/v2/api-docs],methods=[GET],produces=[application/json || application/hal+json]}" onto public org.springframework.http.ResponseEntity<springfox.documentation.spring.web.json.Json> springfox.documentation.swagger2.web.Swagger2Controller.getDocumentation(java.lang.String,javax.servlet.http.HttpServletRequest)
2020-04-30 17:58:19 [INFO][org.springframework.web.servlet.handler.AbstractHandlerMethodMapping$MappingRegistry:547] - Mapped "{[/swagger-resources/configuration/ui]}" onto org.springframework.http.ResponseEntity<springfox.documentation.swagger.web.UiConfiguration> springfox.documentation.swagger.web.ApiResourceController.uiConfiguration()
2020-04-30 17:58:19 [INFO][org.springframework.web.servlet.handler.AbstractHandlerMethodMapping$MappingRegistry:547] - Mapped "{[/swagger-resources]}" onto org.springframework.http.ResponseEntity<java.util.List<springfox.documentation.swagger.web.SwaggerResource>> springfox.documentation.swagger.web.ApiResourceController.swaggerResources()
2020-04-30 17:58:19 [INFO][org.springframework.web.servlet.handler.AbstractHandlerMethodMapping$MappingRegistry:547] - Mapped "{[/swagger-resources/configuration/security]}" onto org.springframework.http.ResponseEntity<springfox.documentation.swagger.web.SecurityConfiguration> springfox.documentation.swagger.web.ApiResourceController.securityConfiguration()
2020-04-30 17:58:19 [INFO][org.springframework.web.servlet.handler.AbstractHandlerMethodMapping$MappingRegistry:547] - Mapped "{[/error],produces=[text/html]}" onto public org.springframework.web.servlet.ModelAndView org.springframework.boot.autoconfigure.web.servlet.error.BasicErrorController.errorHtml(javax.servlet.http.HttpServletRequest,javax.servlet.http.HttpServletResponse)
2020-04-30 17:58:19 [INFO][org.springframework.web.servlet.handler.AbstractHandlerMethodMapping$MappingRegistry:547] - Mapped "{[/error]}" onto public org.springframework.http.ResponseEntity<java.util.Map<java.lang.String, java.lang.Object>> org.springframework.boot.autoconfigure.web.servlet.error.BasicErrorController.error(javax.servlet.http.HttpServletRequest)
2020-04-30 17:58:19 [INFO][org.springframework.web.servlet.handler.AbstractUrlHandlerMapping:373] - Mapped URL path [/**/favicon.ico] onto handler of type [class org.springframework.web.servlet.resource.ResourceHttpRequestHandler]
2020-04-30 17:58:19 [INFO][org.springframework.web.servlet.mvc.method.annotation.RequestMappingHandlerAdapter:574] - Looking for @ControllerAdvice: org.springframework.boot.web.servlet.context.AnnotationConfigServletWebServerApplicationContext@75ca36ec: startup date [Thu Apr 30 17:58:17 CST 2020]; root of context hierarchy
2020-04-30 17:58:19 [INFO][org.springframework.web.servlet.handler.AbstractUrlHandlerMapping:373] - Mapped URL path [/webjars/**] onto handler of type [class org.springframework.web.servlet.resource.ResourceHttpRequestHandler]
2020-04-30 17:58:19 [INFO][org.springframework.web.servlet.handler.AbstractUrlHandlerMapping:373] - Mapped URL path [/**] onto handler of type [class org.springframework.web.servlet.resource.ResourceHttpRequestHandler]
2020-04-30 17:58:20 [INFO][org.springframework.boot.devtools.autoconfigure.OptionalLiveReloadServer:57] - LiveReload server is running on port 35729
2020-04-30 17:58:20 [INFO][org.springframework.jmx.export.MBeanExporter:433] - Registering beans for JMX exposure on startup
2020-04-30 17:58:20 [INFO][org.springframework.jmx.export.MBeanExporter:895] - Bean with name 'dataSource' has been autodetected for JMX exposure
2020-04-30 17:58:20 [INFO][org.springframework.jmx.export.MBeanExporter:668] - Located MBean 'dataSource': registering with JMX server as MBean [com.alibaba.druid.pool:name=dataSource,type=DruidDataSource]
2020-04-30 17:58:20 [INFO][org.springframework.context.support.DefaultLifecycleProcessor$LifecycleGroup:351] - Starting beans in phase 2147483647
2020-04-30 17:58:20 [INFO][springfox.documentation.spring.web.plugins.DocumentationPluginsBootstrapper:120] - Context refreshed
2020-04-30 17:58:20 [INFO][springfox.documentation.spring.web.plugins.DocumentationPluginsBootstrapper:123] - Found 1 custom documentation plugin(s)
2020-04-30 17:58:20 [INFO][springfox.documentation.spring.web.scanners.ApiListingReferenceScanner:41] - Scanning for api listing references
2020-04-30 17:58:21 [INFO][org.apache.juli.logging.DirectJDKLog:180] - Starting ProtocolHandler ["http-nio-8090"]
2020-04-30 17:58:21 [INFO][org.apache.juli.logging.DirectJDKLog:180] - Using a shared selector for servlet write/read
2020-04-30 17:58:21 [INFO][org.springframework.boot.web.embedded.tomcat.TomcatWebServer:206] - Tomcat started on port(s): 8090 (http) with context path ''
2020-04-30 17:58:21 [INFO][org.springframework.boot.StartupInfoLogger:59] - Started InitiApplication in 4.311 seconds (JVM running for 4.702)
2020-04-30 17:58:21 [INFO][com.company.web.InitiApplication:54] - web服务启动
2020-04-30 17:58:39 [INFO][org.apache.juli.logging.DirectJDKLog:180] - Initializing Spring FrameworkServlet 'dispatcherServlet'
2020-04-30 17:58:39 [INFO][org.springframework.web.servlet.FrameworkServlet:494] - FrameworkServlet 'dispatcherServlet': initialization started
2020-04-30 17:58:39 [INFO][org.springframework.web.servlet.FrameworkServlet:509] - FrameworkServlet 'dispatcherServlet': initialization completed in 20 ms
2020-04-30 18:39:55 [INFO][org.springframework.context.support.AbstractApplicationContext:993] - Closing org.springframework.boot.web.servlet.context.AnnotationConfigServletWebServerApplicationContext@75ca36ec: startup date [Thu Apr 30 17:58:17 CST 2020]; root of context hierarchy
2020-04-30 18:39:55 [INFO][org.springframework.context.support.DefaultLifecycleProcessor$LifecycleGroup:366] - Stopping beans in phase 2147483647
2020-04-30 18:39:55 [INFO][org.springframework.jmx.export.MBeanExporter:451] - Unregistering JMX-exposed beans on shutdown
2020-04-30 18:39:55 [INFO][org.springframework.jmx.support.MBeanRegistrationSupport:185] - Unregistering JMX-exposed beans
