2020-05-13 16:34:21 [INFO][org.springframework.boot.StartupInfoLogger:50] - Starting InitiApplication v1.0-SNAPSHOT on xdq with PID 16031 (/home/xdq/xinPrj/java/javaWebTest/base-framework/target/base-framework.jar started by xdq in /home/xdq/xinPrj/java/javaWebTest/base-framework/target)
2020-05-13 16:34:21 [INFO][org.springframework.boot.SpringApplication:666] - The following profiles are active: dev
2020-05-13 16:34:21 [INFO][org.springframework.context.support.AbstractApplicationContext:590] - Refreshing org.springframework.boot.web.servlet.context.AnnotationConfigServletWebServerApplicationContext@1e643faf: startup date [Wed May 13 16:34:21 CST 2020]; root of context hierarchy
2020-05-13 16:34:22 [INFO][org.springframework.beans.factory.support.DefaultListableBeanFactory:821] - Overriding bean definition for bean 'websocketContainerCustomizer' with a different definition: replacing [Root bean: class [null]; scope=; abstract=false; lazyInit=false; autowireMode=3; dependencyCheck=0; autowireCandidate=true; primary=false; factoryBeanName=org.springframework.boot.autoconfigure.websocket.servlet.WebSocketServletAutoConfiguration$UndertowWebSocketConfiguration; factoryMethodName=websocketContainerCustomizer; initMethodName=null; destroyMethodName=(inferred); defined in class path resource [org/springframework/boot/autoconfigure/websocket/servlet/WebSocketServletAutoConfiguration$UndertowWebSocketConfiguration.class]] with [Root bean: class [null]; scope=; abstract=false; lazyInit=false; autowireMode=3; dependencyCheck=0; autowireCandidate=true; primary=false; factoryBeanName=org.springframework.boot.autoconfigure.websocket.servlet.WebSocketServletAutoConfiguration$TomcatWebSocketConfiguration; factoryMethodName=websocketContainerCustomizer; initMethodName=null; destroyMethodName=(inferred); defined in class path resource [org/springframework/boot/autoconfigure/websocket/servlet/WebSocketServletAutoConfiguration$TomcatWebSocketConfiguration.class]]
2020-05-13 16:34:22 [INFO][org.springframework.data.repository.config.RepositoryConfigurationDelegate:163] - Multiple Spring Data modules found, entering strict repository configuration mode!
2020-05-13 16:34:22 [INFO][org.springframework.context.support.PostProcessorRegistrationDelegate$BeanPostProcessorChecker:326] - Bean 'org.springframework.transaction.annotation.ProxyTransactionManagementConfiguration' of type [org.springframework.transaction.annotation.ProxyTransactionManagementConfiguration$$EnhancerBySpringCGLIB$$7930e68c] is not eligible for getting processed by all BeanPostProcessors (for example: not eligible for auto-proxying)
2020-05-13 16:34:23 [INFO][org.springframework.boot.web.embedded.tomcat.TomcatWebServer:91] - Tomcat initialized with port(s): 8090 (http)
2020-05-13 16:34:23 [INFO][org.apache.juli.logging.DirectJDKLog:180] - Initializing ProtocolHandler ["http-nio-8090"]
2020-05-13 16:34:23 [INFO][org.apache.juli.logging.DirectJDKLog:180] - Starting service [Tomcat]
2020-05-13 16:34:23 [INFO][org.apache.juli.logging.DirectJDKLog:180] - Starting Servlet Engine: Apache Tomcat/8.5.32
2020-05-13 16:34:23 [INFO][org.apache.juli.logging.DirectJDKLog:180] - The APR based Apache Tomcat Native library which allows optimal performance in production environments was not found on the java.library.path: [/home/xdq/xinPrj/hadoop/hadoop-3.0.2/lib/native:/usr/local/gurobi811/linux64/lib:/usr/java/packages/lib/amd64:/usr/lib64:/lib64:/lib:/usr/lib]
2020-05-13 16:34:23 [INFO][org.apache.juli.logging.DirectJDKLog:180] - Initializing Spring embedded WebApplicationContext
2020-05-13 16:34:23 [INFO][org.springframework.boot.web.servlet.context.ServletWebServerApplicationContext:285] - Root WebApplicationContext: initialization completed in 2216 ms
2020-05-13 16:34:23 [INFO][org.springframework.boot.web.servlet.ServletRegistrationBean:187] - Servlet dispatcherServlet mapped to [/]
2020-05-13 16:34:23 [INFO][org.springframework.boot.web.servlet.AbstractFilterRegistrationBean:245] - Mapping filter: 'characterEncodingFilter' to: [/*]
2020-05-13 16:34:23 [INFO][org.springframework.boot.web.servlet.AbstractFilterRegistrationBean:245] - Mapping filter: 'hiddenHttpMethodFilter' to: [/*]
2020-05-13 16:34:23 [INFO][org.springframework.boot.web.servlet.AbstractFilterRegistrationBean:245] - Mapping filter: 'httpPutFormContentFilter' to: [/*]
2020-05-13 16:34:23 [INFO][org.springframework.boot.web.servlet.AbstractFilterRegistrationBean:245] - Mapping filter: 'requestContextFilter' to: [/*]
2020-05-13 16:34:24 [INFO][org.apache.juli.logging.DirectJDKLog:180] - Stopping service [Tomcat]
2020-05-13 16:34:24 [INFO][org.springframework.boot.autoconfigure.logging.ConditionEvaluationReportLoggingListener:101] - 

Error starting ApplicationContext. To display the conditions report re-run your application with 'debug' enabled.
